C51 COMPILER V9.59.0.0   DDTUBE                                                            12/23/2024 19:17:43 PAGE 1   


C51 COMPILER V9.59.0.0, COMPILATION OF MODULE DDTUBE
OBJECT MODULE PLACED IN .\Objects\DDTube.obj
COMPILER INVOKED BY: D:\keil\C51\BIN\C51.EXE HardWare\DDTube.c OPTIMIZE(8,SPEED) BROWSE INCDIR(.\User;.\HardWare;.\EEPRO
                    -M;.\Delay) DEBUG OBJECTEXTEND PRINT(.\Listings\DDTube.lst) OBJECT(.\Objects\DDTube.obj)

line level    source

   1          #include <REGX52.H>
   2          #include "Delay.h"
   3          #include "DDTube.h"
   4          //数码管显示缓存区
   5          unsigned char DDTube_Buf[9]={10,10,10,10,10,10,10,10,10};
   6          //动态数码管段码表
   7          unsigned char DDTubeTable[]={0x3F,0x06,0x5B,0x4F,0x66,0x6D,0x7D,0x07,0x7F,0x6F,0x00,0x40};
   8          
   9          /**
  10            * @brief  设置显示缓存区
  11            * @param  Location 要设置的位置，范围：1~8
  12            * @param  Number 要设置的数字，范围：段码表索引范围
  13            * @retval 无
  14            */
  15          void DDTube_SetBuf(unsigned char Location,Number)
  16          {
*** WARNING C235 IN LINE 16 OF HardWare\DDTube.c: parameter 2: different types
  17   1              DDTube_Buf[Location]=Number;
  18   1      }
  19          
  20          /**
  21            * @brief  动态数码管显示
  22            * @param  Location 要显示的位置，范围：1~8
  23            * @param  Number 要显示的数字，范围：段码表索引范围
  24            * @retval 无
  25            */
  26          void DDTube_Scan(unsigned char Location,unsigned char Number)
  27          {
  28   1              P1=0x00;                                //段码清0，消影
  29   1              switch(Location)                //位码输出
  30   1              {
  31   2                      case 7:LA=1;LB=1;break;
  32   2                      case 6:LA=0;LB=1;break;
  33   2                      case 5:LA=1;LB=0;break;
  34   2                      case 4:LA=0;LB=0;break;
  35   2              }
  36   1              P1=DDTubeTable[Number]; //段码输出
  37   1              //Delay(1);                             //显示一段时间
  38   1      
  39   1      }
  40          
  41          /**
  42            * @brief  数码管驱动函数，在中断中调用
  43            * @param  无
  44            * @retval 无
  45            */
  46          void DDTube_Loop(void)
  47          {
  48   1              static unsigned char i=1;
  49   1              DDTube_Scan(i,DDTube_Buf[i]);
  50   1              i++;
  51   1              if(i>=9){i=1;}
  52   1      }

C51 COMPILER V9.59.0.0   DDTUBE                                                            12/23/2024 19:17:43 PAGE 2   


MODULE INFORMATION:   STATIC OVERLAYABLE
   CODE SIZE        =     85    ----
   CONSTANT SIZE    =   ----    ----
   XDATA SIZE       =   ----    ----
   PDATA SIZE       =   ----    ----
   DATA SIZE        =     22    ----
   IDATA SIZE       =   ----    ----
   BIT SIZE         =   ----    ----
END OF MODULE INFORMATION.


C51 COMPILATION COMPLETE.  1 WARNING(S),  0 ERROR(S)
