C51 COMPILER V9.59.0.0   I2C                                                               12/22/2024 19:18:50 PAGE 1   


C51 COMPILER V9.59.0.0, COMPILATION OF MODULE I2C
OBJECT MODULE PLACED IN .\Objects\I2C.obj
COMPILER INVOKED BY: D:\keil\C51\BIN\C51.EXE EEPROM\I2C.c OPTIMIZE(8,SPEED) BROWSE INCDIR(.\User;.\HardWare;.\EEPROM;.\D
                    -elay) DEBUG OBJECTEXTEND PRINT(.\Listings\I2C.lst) OBJECT(.\Objects\I2C.obj)

line level    source

   1          #include <REGX52.H>
   2          #include "I2C.H"
   3          
   4          
   5          /**
   6            * @brief  I2C开始
   7            * @param  无
   8            * @retval 无
   9            */
  10          void I2C_Start(void)
  11          {
  12   1              I2C_SDA=1;
  13   1              I2C_SCL=1;
  14   1              I2C_SDA=0;
  15   1              I2C_SCL=0;
  16   1      }
  17          
  18          /**
  19            * @brief  I2C停止
  20            * @param  无
  21            * @retval 无
  22            */
  23          void I2C_Stop(void)
  24          {
  25   1              I2C_SDA=0;
  26   1              I2C_SCL=1;
  27   1              I2C_SDA=1;
  28   1      }
  29          
  30          /**
  31            * @brief  I2C发送一个字节
  32            * @param  Byte 要发送的字节
  33            * @retval 无
  34            */
  35          void I2C_SendByte(unsigned char Byte)
  36          {
  37   1              unsigned char i;
  38   1              for(i=0;i<8;i++)
  39   1              {
  40   2                      I2C_SDA=Byte&(0x80>>i);
  41   2                      I2C_SCL=1;
  42   2                      I2C_SCL=0;
  43   2              }
  44   1      }
  45          
  46          /**
  47            * @brief  I2C接收一个字节
  48            * @param  无
  49            * @retval 接收到的一个字节数据
  50            */
  51          unsigned char I2C_ReceiveByte(void)
  52          {
  53   1              unsigned char i,Byte=0x00;
  54   1              I2C_SDA=1;
C51 COMPILER V9.59.0.0   I2C                                                               12/22/2024 19:18:50 PAGE 2   

  55   1              for(i=0;i<8;i++)
  56   1              {
  57   2                      I2C_SCL=1;
  58   2                      if(I2C_SDA){Byte|=(0x80>>i);}
  59   2                      I2C_SCL=0;
  60   2              }
  61   1              return Byte;
  62   1      }
  63          
  64          /**
  65            * @brief  I2C发送应答
  66            * @param  AckBit 应答位，0为应答，1为非应答
  67            * @retval 无
  68            */
  69          void I2C_SendAck(unsigned char AckBit)
  70          {
  71   1              I2C_SDA=AckBit;
  72   1              I2C_SCL=1;
  73   1              I2C_SCL=0;
  74   1      }
  75          
  76          /**
  77            * @brief  I2C接收应答位
  78            * @param  无
  79            * @retval 接收到的应答位，0为应答，1为非应答
  80            */
  81          unsigned char I2C_ReceiveAck(void)
  82          {
  83   1              unsigned char AckBit;
  84   1              I2C_SDA=1;
  85   1              I2C_SCL=1;
  86   1              AckBit=I2C_SDA;
  87   1              I2C_SCL=0;
  88   1              return AckBit;
  89   1      }


MODULE INFORMATION:   STATIC OVERLAYABLE
   CODE SIZE        =    127    ----
   CONSTANT SIZE    =   ----    ----
   XDATA SIZE       =   ----    ----
   PDATA SIZE       =   ----    ----
   DATA SIZE        =   ----    ----
   IDATA SIZE       =   ----    ----
   BIT SIZE         =   ----    ----
END OF MODULE INFORMATION.


C51 COMPILATION COMPLETE.  0 WARNING(S),  0 ERROR(S)
