C51 COMPILER V9.59.0.0   MATRIXKEY                                                         12/28/2024 09:48:07 PAGE 1   


C51 COMPILER V9.59.0.0, COMPILATION OF MODULE MATRIXKEY
OBJECT MODULE PLACED IN .\Objects\MatrixKey.obj
COMPILER INVOKED BY: D:\keil\C51\BIN\C51.EXE HardWare\MatrixKey.c OPTIMIZE(8,SPEED) BROWSE INCDIR(.\User;.\HardWare;.\EE
                    -PROM;.\Delay) DEBUG OBJECTEXTEND PRINT(.\Listings\MatrixKey.lst) OBJECT(.\Objects\MatrixKey.obj)

line level    source

   1          #include <REGX52.H>
   2          #include "Delay.h"
   3          #include "MatrixKey.h"
   4          #include "Timer.h"
   5          #include "Buzzer.h"
   6          
   7          
   8          /**
   9            * @brief  çŸ©é˜µé”®ç›˜è¯»å–æŒ‰é”®é”®ç 
  10            * @param  æ— 
  11            * @retval KeyNumber æŒ‰ä¸‹æŒ‰é”®çš„é”®ç å€¼
  12                                  å¦‚æœæŒ‰é”®æŒ‰ä¸‹ä¸æ”¾ï¼Œç¨‹åºä¼šåœç•™åœ¨æ­¤å‡½æ•°ï¼Œæ¾æ‰‹çš„ä¸€ç¬é—´ï¼Œè¿”å›æŒ‰é”®é”®ç ï¼Œæ²¡æ
             -œ‰æŒ‰é”®æŒ‰ä¸‹æ—¶ï¼Œè¿”å›-1
  13            */
  14          unsigned char MatrixKey_GetKeyNum()
  15          {
  16   1              char KeyNumber=-1;
  17   1              //è¿›è¡Œä¸‹é¢çš„ä¿®æ”¹æ˜¯ä¸ºäº†å‡å°‘çŸ©é˜µé”®ç›˜IOå£çš„å ç”¨ï¼Œ
  18   1      //      P3=0xFF;
  19   1      //      P3_1=1;P3_2=1;P3_3=1;P3_4=1;P3_5=1;P3_6=1;P3_7=1;
  20   1      //      P3_3=0;
  21   1      //      if(P3_7==0){Delay(20);while(P3_7==0);Delay(20);KeyNumber=15;}
  22   1      //      if(P3_6==0){Delay(20);while(P3_6==0);Delay(20);KeyNumber=14;}
  23   1      //      if(P3_5==0){Delay(20);while(P3_5==0);Delay(20);KeyNumber=13;}
  24   1      //      if(P3_4==0){Delay(20);while(P3_4==0);Delay(20);KeyNumber=12;}
  25   1              
  26   1      //      P3=0xFF;
  27   1              P3_0=1;P3_1=1;P3_2=1;     P3_4=1;P3_5=1;P3_6=1;P3_7=1;//ä¸ä½¿ç”¨P3_3ï¼ŒP3_3ç”¨äºåŠ¨æ€æ•°ç ç®¡çš„ä½ç 
             -
  28   1              P3_2=0;
  29   1              if(P3_7==0){Delay(20);while(P3_7==0);Delay(20);KeyNumber=11;}
  30   1              if(P3_6==0){Delay(20);while(P3_6==0);Delay(20);KeyNumber=10;}
  31   1              if(P3_5==0){Delay(20);while(P3_5==0);Delay(20);KeyNumber=9;}
  32   1              if(P3_4==0){Delay(20);while(P3_4==0);Delay(20);KeyNumber=8;}
  33   1              
  34   1      //      P3=0xFF;
  35   1              P3_0=1;P3_1=1;P3_2=1;     P3_4=1;P3_5=1;P3_6=1;P3_7=1;
  36   1              P3_1=0;
  37   1              if(P3_7==0){Delay(20);while(P3_7==0);Delay(20);KeyNumber=7;}
  38   1              if(P3_6==0){Delay(20);while(P3_6==0);Delay(20);KeyNumber=6;}
  39   1              if(P3_5==0){Delay(20);while(P3_5==0);Delay(20);KeyNumber=5;}
  40   1              if(P3_4==0){Delay(20);while(P3_4==0);Delay(20);KeyNumber=4;}
  41   1              
  42   1      //      P3=0xFF;
  43   1              P3_0=1;P3_1=1;P3_2=1;     P3_4=1;P3_5=1;P3_6=1;P3_7=1;
  44   1              P3_0=0;
  45   1              if(P3_7==0){Delay(20);while(P3_7==0);Delay(20);KeyNumber=3;}
  46   1              if(P3_6==0){Delay(20);while(P3_6==0);Delay(20);KeyNumber=2;}
  47   1              if(P3_5==0){Delay(20);while(P3_5==0);Delay(20);KeyNumber=1;}
  48   1              if(P3_4==0){Delay(20);while(P3_4==0);Delay(20);KeyNumber=0;}
  49   1              
  50   1              return KeyNumber;
  51   1      }
  52          
C51 COMPILER V9.59.0.0   MATRIXKEY                                                         12/28/2024 09:48:07 PAGE 2   

  53          


MODULE INFORMATION:   STATIC OVERLAYABLE
   CODE SIZE        =    330    ----
   CONSTANT SIZE    =   ----    ----
   XDATA SIZE       =   ----    ----
   PDATA SIZE       =   ----    ----
   DATA SIZE        =   ----       1
   IDATA SIZE       =   ----    ----
   BIT SIZE         =   ----    ----
END OF MODULE INFORMATION.


C51 COMPILATION COMPLETE.  0 WARNING(S),  0 ERROR(S)
