C51 COMPILER V9.59.0.0   MATRIXLED                                                         12/20/2024 21:10:44 PAGE 1   


C51 COMPILER V9.59.0.0, COMPILATION OF MODULE MATRIXLED
OBJECT MODULE PLACED IN .\Objects\MatrixLED.obj
COMPILER INVOKED BY: D:\keil\C51\BIN\C51.EXE HardWare\MatrixLED.c OPTIMIZE(8,SPEED) BROWSE INCDIR(.\User;.\HardWare;.\EE
                    -PROM;.\Delay) DEBUG OBJECTEXTEND PRINT(.\Listings\MatrixLED.lst) OBJECT(.\Objects\MatrixLED.obj)

line level    source

   1          #include <REGX52.H>
   2          #include "Delay.h"
   3          #include "MatrixLED.h"
   4          
   5          
   6          /**
   7            * @brief  74HC595写入一个字节
   8            * @param  Byte 要写入的字节
   9            * @retval 无
  10            */
  11          void _74HC595_WriteByte(unsigned char Byte)
  12          {
  13   1              unsigned char i;
  14   1              for(i=0;i<8;i++)
  15   1              {
  16   2                      SER=Byte&(0x80>>i);
  17   2                      SCK=1;
  18   2                      SCK=0;
  19   2              }
  20   1              RCK=1;
  21   1              RCK=0;
  22   1      }
  23          
  24          /**
  25            * @brief  点阵屏初始化
  26            * @param  无
  27            * @retval 无
  28            */
  29          void MatrixLED_Init()
  30          {
  31   1              SCK=0;
  32   1              RCK=0;
  33   1      }
  34          
  35          /**
  36            * @brief  LED点阵屏显示一列数据
  37            * @param  Column 要选择的列，范围：0~7，0在最左边
  38            * @param  Data 选择列显示的数据，高位在上，1为亮，0为灭
  39            * @retval 无
  40            */
  41          void MatrixLED_ShowColumn(unsigned char Column,Data)
  42          {
  43   1              _74HC595_WriteByte(Data);
  44   1              MATRIX_LED_PORT=~(0x80>>Column);
  45   1              Delay(1);
  46   1              MATRIX_LED_PORT=0xFF;
  47   1      }


MODULE INFORMATION:   STATIC OVERLAYABLE
   CODE SIZE        =     93    ----
   CONSTANT SIZE    =   ----    ----
   XDATA SIZE       =   ----    ----
   PDATA SIZE       =   ----    ----
C51 COMPILER V9.59.0.0   MATRIXLED                                                         12/20/2024 21:10:44 PAGE 2   

   DATA SIZE        =   ----    ----
   IDATA SIZE       =   ----    ----
   BIT SIZE         =   ----    ----
END OF MODULE INFORMATION.


C51 COMPILATION COMPLETE.  0 WARNING(S),  0 ERROR(S)
