C51 COMPILER V9.59.0.0   ONEWIRE                                                           12/28/2024 15:38:10 PAGE 1   


C51 COMPILER V9.59.0.0, COMPILATION OF MODULE ONEWIRE
OBJECT MODULE PLACED IN .\Objects\OneWire.obj
COMPILER INVOKED BY: D:\keil\C51\BIN\C51.EXE HardWare\OneWire.c OPTIMIZE(8,SPEED) BROWSE INCDIR(.\User;.\HardWare;.\EEPR
                    -OM;.\Delay) DEBUG OBJECTEXTEND PRINT(.\Listings\OneWire.lst) OBJECT(.\Objects\OneWire.obj)

line level    source

   1          #include <REGX52.H>
   2          #include "OneWire.h"
   3          
   4          /**
   5            * @brief  单总线初始化
   6            * @param  无
   7            * @retval 从机响应位，0为响应，1为未响应
   8            */
   9          unsigned char OneWire_Init(void)
  10          {
  11   1              
  12   1              unsigned char i;
  13   1              unsigned char AckBit;
  14   1              OneWire_DQ=1;
  15   1              OneWire_DQ=0;
  16   1              i = 247;while (--i);            //Delay 500us
  17   1              OneWire_DQ=1;
  18   1              i = 32;while (--i);                     //Delay 70us
  19   1              AckBit=OneWire_DQ;
  20   1              i = 247;while (--i);            //Delay 500us
  21   1              return AckBit;
  22   1      }
  23          
  24          /**
  25            * @brief  单总线发送一位
  26            * @param  Bit 要发送的位
  27            * @retval 无
  28            */
  29          void OneWire_SendBit(unsigned char Bit)
  30          {
  31   1              unsigned char i;
  32   1              OneWire_DQ=0;
  33   1              i = 4;while (--i);                      //Delay 10us
  34   1              OneWire_DQ=Bit;
  35   1              i = 24;while (--i);                     //Delay 50us
  36   1              OneWire_DQ=1;
  37   1      }
  38          
  39          /**
  40            * @brief  单总线接收一位
  41            * @param  无
  42            * @retval 读取的位
  43            */
  44          unsigned char OneWire_ReceiveBit(void)
  45          {
  46   1              unsigned char i;
  47   1              unsigned char Bit;
  48   1              OneWire_DQ=0;
  49   1              i = 2;while (--i);                      //Delay 5us
  50   1              OneWire_DQ=1;
  51   1              i = 2;while (--i);                      //Delay 5us
  52   1              Bit=OneWire_DQ;
  53   1              i = 24;while (--i);                     //Delay 50us
  54   1              return Bit;
C51 COMPILER V9.59.0.0   ONEWIRE                                                           12/28/2024 15:38:10 PAGE 2   

  55   1      }
  56          
  57          /**
  58            * @brief  单总线发送一个字节
  59            * @param  Byte 要发送的字节
  60            * @retval 无
  61            */
  62          void OneWire_SendByte(unsigned char Byte)
  63          {
  64   1              unsigned char i;
  65   1              EA=0;//使用两个定时器中断且定时器0的定时器服务程序比较耗时（断电保护），
  66   1                      //单片机进入中断会对总线的时序产生影响，造成时序混乱，导致温度混乱跳变
  67   1              for(i=0;i<8;i++)
  68   1              {
  69   2                      OneWire_SendBit(Byte&(0x01<<i));
  70   2              }
  71   1              EA=1;
  72   1      }
  73          
  74          /**
  75            * @brief  单总线接收一个字节
  76            * @param  无
  77            * @retval 接收的一个字节
  78            */
  79          unsigned char OneWire_ReceiveByte(void)
  80          {
  81   1              unsigned char i;
  82   1              unsigned char Byte=0x00;
  83   1              EA=0;//使用两个定时器中断且定时器0的定时器服务程序比较耗时（断电保护），
  84   1                      //单片机进入中断会对总线的时序产生影响，造成时序混乱，导致温度混乱跳变
  85   1              for(i=0;i<8;i++)
  86   1              {
  87   2                      if(OneWire_ReceiveBit()){Byte|=(0x01<<i);}
  88   2              }
  89   1              EA=1;
  90   1              return Byte;
  91   1      }


MODULE INFORMATION:   STATIC OVERLAYABLE
   CODE SIZE        =    148    ----
   CONSTANT SIZE    =   ----    ----
   XDATA SIZE       =   ----    ----
   PDATA SIZE       =   ----    ----
   DATA SIZE        =   ----    ----
   IDATA SIZE       =   ----    ----
   BIT SIZE         =   ----    ----
END OF MODULE INFORMATION.


C51 COMPILATION COMPLETE.  0 WARNING(S),  0 ERROR(S)
