C51 COMPILER V9.59.0.0   TIMER0                                                            12/23/2024 13:18:31 PAGE 1   


C51 COMPILER V9.59.0.0, COMPILATION OF MODULE TIMER0
OBJECT MODULE PLACED IN .\Objects\Timer0.obj
COMPILER INVOKED BY: D:\keil\C51\BIN\C51.EXE HardWare\Timer0.c OPTIMIZE(8,SPEED) BROWSE INCDIR(.\User;.\HardWare;.\EEPRO
                    -M;.\Delay) DEBUG OBJECTEXTEND PRINT(.\Listings\Timer0.lst) OBJECT(.\Objects\Timer0.obj)

line level    source

   1          #include <REGX52.H>
   2          #include "Timer0.h"
   3          #include "DDTube.h"
   4          #include "Buzzer.h"
   5          
   6          //外部变量和函数声明
   7          extern unsigned char count;
   8          extern unsigned char minute;
   9          extern char second;
  10          extern unsigned char S24_time;   //24S规则
  11          extern bit S24_flag;//是否使用24s规则
  12          extern void SaveAT2402();
  13          
  14          //定义变量
  15          unsigned int TempCounter=1500;//每1s更新一次温度
  16          bit sflag_updataTem=1;
  17          
  18          /**
  19            * @brief  定时器0初始化，1毫秒@12.000MHz
  20            * @param  无
  21            * @retval 无
  22            */
  23          void Timer0_Init(void)
  24          {
  25   1              TMOD |= 0x01;           //设置定时器0为工作方式1
  26   1              TH0 = 0x3C;             //设置定时初值
  27   1              TL0 = 0xB0;             //设置定时初值，50ms
  28   1              TF0 = 0;                //清除TF0标志
  29   1              TR0 = 0;                //定时器0关闭计时
  30   1              ET0=1;
  31   1              EA=1;
  32   1              PT0=0;
  33   1      }
  34          
  35          
  36          void Timer1_Init(void)
  37          {
  38   1              TMOD |= 0x10;           //设置定时器1为工作方式1
  39   1              TH1 = 0xFC;             //设置定时初值
  40   1              TL1 = 0x18;             //设置定时初值，1ms
  41   1              TF1 = 0;                //清除TF1标志
  42   1              TR1 = 0;                //定时器1关闭计时
  43   1              ET1=1;
  44   1              EA=1;
  45   1              PT1=1;//定时器1高优先级
  46   1              TR1=1;//启动定时器1.定时器1只负责刷新显示数码管，刷新温度显示
  47   1      
  48   1              
  49   1      }
  50          
  51          //定时器0中断服务函数
  52          void Timer0_Routine() interrupt 1
  53          {
  54   1              
C51 COMPILER V9.59.0.0   TIMER0                                                            12/23/2024 13:18:31 PAGE 2   

  55   1              if(count-- == 0)          //计时1秒
  56   1              {
  57   2                      
  58   2              count = 20;
  59   2                      second--;
  60   2                      if(S24_flag)         //24秒规则启用
  61   2              {
  62   3                  S24_time--;
  63   3                              
  64   3              }
  65   2              SaveAT2402();//每秒存入数据
  66   2              }
  67   1      
  68   1              TH0 = 0x3C;             //设置定时初值
  69   1              TL0 = 0xB0;             //设置定时初值，50ms
  70   1      
  71   1      }
  72          
  73          
  74          //定时器1中断服务函数
  75          void Timer1_Routine() interrupt 3
  76          {
  77   1      
  78   1              DDTube_Loop();//1ms调用一次数码管驱动函数
  79   1              TempCounter--;
  80   1              if(TempCounter<=0){
  81   2                      TempCounter=1500;
  82   2                      sflag_updataTem=~sflag_updataTem;
  83   2              }
  84   1              TH1 = 0xFC;             //设置定时初值
  85   1              TL1 = 0x18;             //设置定时初值，1ms
  86   1      }


MODULE INFORMATION:   STATIC OVERLAYABLE
   CODE SIZE        =    216    ----
   CONSTANT SIZE    =   ----    ----
   XDATA SIZE       =   ----    ----
   PDATA SIZE       =   ----    ----
   DATA SIZE        =      2    ----
   IDATA SIZE       =   ----    ----
   BIT SIZE         =      1    ----
END OF MODULE INFORMATION.


C51 COMPILATION COMPLETE.  0 WARNING(S),  0 ERROR(S)
